<?xml version="1.0" encoding="UTF-8"?>
<testng-results skipped="0" failed="0" total="1" passed="1">
  <reporter-output>
  </reporter-output>
  <suite name="Default suite" duration-ms="31592" started-at="2018-01-09T05:00:14Z" finished-at="2018-01-09T05:00:46Z">
    <groups>
    </groups>
    <test name="Default test" duration-ms="31592" started-at="2018-01-09T05:00:14Z" finished-at="2018-01-09T05:00:46Z">
      <class name="testscript.PersonalLoan">
        <test-method status="PASS" signature="testcase1()[pri:0, instance:testscript.PersonalLoan@a3426]" name="testcase1" duration-ms="31572" started-at="2018-01-09T10:30:14Z" finished-at="2018-01-09T10:30:46Z">
          <reporter-output>
          </reporter-output>
        </test-method> <!-- testcase1 -->
      </class> <!-- testscript.PersonalLoan -->
    </test> <!-- Default test -->
  </suite> <!-- Default suite -->
</testng-results>
